<?xml version="1.0" encoding="UTF-8"?>
<testsuite name="QA.Project.ProjectTestingApplicationTests" tests="1" skipped="0" failures="0" errors="0" timestamp="2023-06-19T18:32:31" hostname="SALEM-MUFARREH" time="0.008">
  <properties/>
  <testcase name="contextLoads()" classname="QA.Project.ProjectTestingApplicationTests" time="0.008"/>
  <system-out><![CDATA[2023-06-19T21:32:31.662+03:00  INFO 19280 --- [    Test worker] t.c.s.AnnotationConfigContextLoaderUtils : Could not detect default configuration classes for test class [QA.Project.ProjectTestingApplicationTests]: ProjectTestingApplicationTests does not declare any static, non-private, non-final, nested classes annotated with @Configuration.
2023-06-19T21:32:31.664+03:00  INFO 19280 --- [    Test worker] .b.t.c.SpringBootTestContextBootstrapper : Found @SpringBootConfiguration QA.Project.ProjectTestingApplication for test class QA.Project.ProjectTestingApplicationTests
Hibernate: select c1_0.id,c1_0.date,c1_0.rate,c1_0.source_currency,c1_0.target_currency from currency_entity c1_0
]]></system-out>
  <system-err><![CDATA[]]></system-err>
</testsuite>
