<?xml version="1.0" encoding="UTF-8"?>
<testsuite name="QA.Project.ControllerTest" tests="10" skipped="0" failures="0" errors="0" timestamp="2023-06-19T18:32:30" hostname="SALEM-MUFARREH" time="1.157">
  <properties/>
  <testcase name="AddCurrency_Success()" classname="QA.Project.ControllerTest" time="0.84"/>
  <testcase name="RemoveCurrency()" classname="QA.Project.ControllerTest" time="0.1"/>
  <testcase name="GetCurrency()" classname="QA.Project.ControllerTest" time="0.008"/>
  <testcase name="[1] currencyEntity=null" classname="QA.Project.ControllerTest" time="0.019"/>
  <testcase name="GetCurrency_DoesntExist()" classname="QA.Project.ControllerTest" time="0.009"/>
  <testcase name="[1] sourceCurrency=USD, targetCurrency=BHD, amount=100, expectedConvertedAmount=265.0" classname="QA.Project.ControllerTest" time="0.071"/>
  <testcase name="[2] sourceCurrency=GBP, targetCurrency=KWD, amount=200, expectedConvertedAmount=509.375" classname="QA.Project.ControllerTest" time="0.012"/>
  <testcase name="[3] sourceCurrency=USD, targetCurrency=ILS, amount=null, expectedConvertedAmount=3.74" classname="QA.Project.ControllerTest" time="0.014"/>
  <testcase name="AddCurrency_Empty()" classname="QA.Project.ControllerTest" time="0.004"/>
  <testcase name="GetAll()" classname="QA.Project.ControllerTest" time="0.012"/>
  <system-out><![CDATA[21:32:22.390 [Test worker] INFO org.springframework.test.context.support.AnnotationConfigContextLoaderUtils -- Could not detect default configuration classes for test class [QA.Project.ControllerTest]: ControllerTest does not declare any static, non-private, non-final, nested classes annotated with @Configuration.
21:32:22.600 [Test worker] INFO org.springframework.boot.test.context.SpringBootTestContextBootstrapper -- Found @SpringBootConfiguration QA.Project.ProjectTestingApplication for test class QA.Project.ControllerTest

  .   ____          _            __ _ _
 /\\ / ___'_ __ _ _(_)_ __  __ _ \ \ \ \
( ( )\___ | '_ | '_| | '_ \/ _` | \ \ \ \
 \\/  ___)| |_)| | | | | || (_| |  ) ) ) )
  '  |____| .__|_| |_|_| |_\__, | / / / /
 =========|_|==============|___/=/_/_/_/
 :: Spring Boot ::                (v3.1.0)

2023-06-19T21:32:23.370+03:00  INFO 19280 --- [    Test worker] QA.Project.ControllerTest                : Starting ControllerTest using Java 17.0.1 with PID 19280 (started by HP User in D:\Birzeit\QA\exchangeRateTesting2)
2023-06-19T21:32:23.372+03:00  INFO 19280 --- [    Test worker] QA.Project.ControllerTest                : No active profile set, falling back to 1 default profile: "default"
2023-06-19T21:32:24.801+03:00  INFO 19280 --- [    Test worker] .s.d.r.c.RepositoryConfigurationDelegate : Bootstrapping Spring Data JPA repositories in DEFAULT mode.
2023-06-19T21:32:24.892+03:00  INFO 19280 --- [    Test worker] .s.d.r.c.RepositoryConfigurationDelegate : Finished Spring Data repository scanning in 76 ms. Found 1 JPA repository interfaces.
2023-06-19T21:32:25.677+03:00  INFO 19280 --- [    Test worker] o.hibernate.jpa.internal.util.LogHelper  : HHH000204: Processing PersistenceUnitInfo [name: default]
2023-06-19T21:32:25.781+03:00  INFO 19280 --- [    Test worker] org.hibernate.Version                    : HHH000412: Hibernate ORM core version 6.2.2.Final
2023-06-19T21:32:25.785+03:00  INFO 19280 --- [    Test worker] org.hibernate.cfg.Environment            : HHH000406: Using bytecode reflection optimizer
2023-06-19T21:32:26.064+03:00  INFO 19280 --- [    Test worker] o.h.b.i.BytecodeProviderInitiator        : HHH000021: Bytecode provider name : bytebuddy
2023-06-19T21:32:26.319+03:00  INFO 19280 --- [    Test worker] o.s.o.j.p.SpringPersistenceUnitInfo      : No LoadTimeWeaver setup: ignoring JPA class transformer
2023-06-19T21:32:26.349+03:00  INFO 19280 --- [    Test worker] com.zaxxer.hikari.HikariDataSource       : HikariPool-1 - Starting...
2023-06-19T21:32:26.628+03:00  INFO 19280 --- [    Test worker] com.zaxxer.hikari.pool.HikariPool        : HikariPool-1 - Added connection com.mysql.cj.jdbc.ConnectionImpl@40692fc3
2023-06-19T21:32:26.632+03:00  INFO 19280 --- [    Test worker] com.zaxxer.hikari.HikariDataSource       : HikariPool-1 - Start completed.
2023-06-19T21:32:26.709+03:00  INFO 19280 --- [    Test worker] org.hibernate.orm.dialect                : HHH035001: Using dialect: org.hibernate.dialect.MySQL8Dialect, version: 8.0
2023-06-19T21:32:26.711+03:00  WARN 19280 --- [    Test worker] org.hibernate.orm.deprecation            : HHH90000026: MySQL8Dialect has been deprecated; use org.hibernate.dialect.MySQLDialect instead
2023-06-19T21:32:27.073+03:00  INFO 19280 --- [    Test worker] o.h.b.i.BytecodeProviderInitiator        : HHH000021: Bytecode provider name : bytebuddy
2023-06-19T21:32:28.166+03:00  INFO 19280 --- [    Test worker] o.h.e.t.j.p.i.JtaPlatformInitiator       : HHH000490: Using JtaPlatform implementation: [org.hibernate.engine.transaction.jta.platform.internal.NoJtaPlatform]
Hibernate: alter table currency_entity modify column date  datetime(6)
Hibernate: alter table currency_entity modify column rate  float(53)
2023-06-19T21:32:28.274+03:00  INFO 19280 --- [    Test worker] j.LocalContainerEntityManagerFactoryBean : Initialized JPA EntityManagerFactory for persistence unit 'default'
2023-06-19T21:32:28.647+03:00  INFO 19280 --- [    Test worker] o.s.d.j.r.query.QueryEnhancerFactory     : Hibernate is in classpath; If applicable, HQL parser will be used.
2023-06-19T21:32:29.416+03:00  WARN 19280 --- [    Test worker] JpaBaseConfiguration$JpaWebConfiguration : spring.jpa.open-in-view is enabled by default. Therefore, database queries may be performed during view rendering. Explicitly configure spring.jpa.open-in-view to disable this warning
2023-06-19T21:32:29.674+03:00  INFO 19280 --- [    Test worker] o.s.b.a.w.s.WelcomePageHandlerMapping    : Adding welcome page template: index
2023-06-19T21:32:30.339+03:00  INFO 19280 --- [    Test worker] QA.Project.ControllerTest                : Started ControllerTest in 7.432 seconds (process running for 9.925)
Hibernate: select c1_0.id,c1_0.date,c1_0.rate,c1_0.source_currency,c1_0.target_currency from currency_entity c1_0 where c1_0.id=?
Hibernate: select next_val as id_val from currency_entity_seq for update
Hibernate: update currency_entity_seq set next_val= ? where next_val=?
Hibernate: insert into currency_entity (date,rate,source_currency,target_currency,id) values (?,?,?,?,?)
CurrencyEntity(id=1252, sourceCurrency=Example1, targetCurrency=Example2, rate=11.0, date=2023-06-19 21:32:31.011)
Hibernate: select c1_0.id,c1_0.date,c1_0.rate,c1_0.source_currency,c1_0.target_currency from currency_entity c1_0
Hibernate: select c1_0.id,c1_0.date,c1_0.rate,c1_0.source_currency,c1_0.target_currency from currency_entity c1_0 where c1_0.id=?
Hibernate: select c1_0.id,c1_0.date,c1_0.rate,c1_0.source_currency,c1_0.target_currency from currency_entity c1_0 where c1_0.id=?
Hibernate: delete from currency_entity where id=?
Hibernate: select c1_0.id,c1_0.date,c1_0.rate,c1_0.source_currency,c1_0.target_currency from currency_entity c1_0 where c1_0.id=?
Hibernate: select c1_0.id,c1_0.date,c1_0.rate,c1_0.source_currency,c1_0.target_currency from currency_entity c1_0 where c1_0.id=?
Hibernate: select c1_0.id,c1_0.date,c1_0.rate,c1_0.source_currency,c1_0.target_currency from currency_entity c1_0 where c1_0.source_currency like replace(?,'\\','\\\\')
Hibernate: select c1_0.id,c1_0.date,c1_0.rate,c1_0.source_currency,c1_0.target_currency from currency_entity c1_0 where c1_0.source_currency like replace(?,'\\','\\\\')
Hibernate: select c1_0.id,c1_0.date,c1_0.rate,c1_0.source_currency,c1_0.target_currency from currency_entity c1_0 where c1_0.source_currency like replace(?,'\\','\\\\')
Hibernate: select c1_0.id,c1_0.date,c1_0.rate,c1_0.source_currency,c1_0.target_currency from currency_entity c1_0 where c1_0.source_currency like replace(?,'\\','\\\\')
Hibernate: select c1_0.id,c1_0.date,c1_0.rate,c1_0.source_currency,c1_0.target_currency from currency_entity c1_0 where c1_0.source_currency like replace(?,'\\','\\\\')
Hibernate: select c1_0.id,c1_0.date,c1_0.rate,c1_0.source_currency,c1_0.target_currency from currency_entity c1_0 where c1_0.source_currency like replace(?,'\\','\\\\')
Hibernate: select c1_0.id,c1_0.date,c1_0.rate,c1_0.source_currency,c1_0.target_currency from currency_entity c1_0
Verifying response status code
Verifying response body
]]></system-out>
  <system-err><![CDATA[]]></system-err>
</testsuite>
