<?xml version="1.0" encoding="UTF-8"?>
<testsuite name="QA.Project.DataBaseTest" tests="8" skipped="0" failures="0" errors="0" timestamp="2023-06-19T18:32:31" hostname="SALEM-MUFARREH" time="0.125">
  <properties/>
  <testcase name="testConcurrencyHandling()" classname="QA.Project.DataBaseTest" time="0.026"/>
  <testcase name="addCurrencyRate()" classname="QA.Project.DataBaseTest" time="0.03"/>
  <testcase name="GetRateUSD_ILS()" classname="QA.Project.DataBaseTest" time="0.01"/>
  <testcase name="TableIsEmpty()" classname="QA.Project.DataBaseTest" time="0.009"/>
  <testcase name="USDToILS()" classname="QA.Project.DataBaseTest" time="0.011"/>
  <testcase name="RemoveCurrencyRate()" classname="QA.Project.DataBaseTest" time="0.018"/>
  <testcase name="NullAndEmptySource()" classname="QA.Project.DataBaseTest" time="0.004"/>
  <testcase name="CurrencyDoesntExists()" classname="QA.Project.DataBaseTest" time="0.008"/>
  <system-out><![CDATA[2023-06-19T21:32:31.528+03:00  INFO 19280 --- [    Test worker] t.c.s.AnnotationConfigContextLoaderUtils : Could not detect default configuration classes for test class [QA.Project.DataBaseTest]: DataBaseTest does not declare any static, non-private, non-final, nested classes annotated with @Configuration.
2023-06-19T21:32:31.531+03:00  INFO 19280 --- [    Test worker] .b.t.c.SpringBootTestContextBootstrapper : Found @SpringBootConfiguration QA.Project.ProjectTestingApplication for test class QA.Project.DataBaseTest
Hibernate: select c1_0.id,c1_0.date,c1_0.rate,c1_0.source_currency,c1_0.target_currency from currency_entity c1_0 where c1_0.source_currency like replace(?,'\\','\\\\')
Hibernate: select c1_0.id,c1_0.date,c1_0.rate,c1_0.source_currency,c1_0.target_currency from currency_entity c1_0 where c1_0.source_currency like replace(?,'\\','\\\\')
Hibernate: select c1_0.id,c1_0.date,c1_0.rate,c1_0.source_currency,c1_0.target_currency from currency_entity c1_0 where c1_0.source_currency like replace(?,'\\','\\\\')
Hibernate: select c1_0.id,c1_0.date,c1_0.rate,c1_0.source_currency,c1_0.target_currency from currency_entity c1_0 where c1_0.source_currency like replace(?,'\\','\\\\')
Hibernate: select c1_0.id,c1_0.date,c1_0.rate,c1_0.source_currency,c1_0.target_currency from currency_entity c1_0 where c1_0.source_currency like replace(?,'\\','\\\\')
Hibernate: select c1_0.id,c1_0.date,c1_0.rate,c1_0.source_currency,c1_0.target_currency from currency_entity c1_0 where c1_0.source_currency like replace(?,'\\','\\\\')
Hibernate: select c1_0.id,c1_0.date,c1_0.rate,c1_0.source_currency,c1_0.target_currency from currency_entity c1_0 where c1_0.source_currency like replace(?,'\\','\\\\')
Hibernate: select c1_0.id,c1_0.date,c1_0.rate,c1_0.source_currency,c1_0.target_currency from currency_entity c1_0 where c1_0.source_currency like replace(?,'\\','\\\\')
Hibernate: select c1_0.id,c1_0.date,c1_0.rate,c1_0.source_currency,c1_0.target_currency from currency_entity c1_0 where c1_0.source_currency like replace(?,'\\','\\\\')
Hibernate: select c1_0.id,c1_0.date,c1_0.rate,c1_0.source_currency,c1_0.target_currency from currency_entity c1_0 where c1_0.source_currency like replace(?,'\\','\\\\')
Hibernate: select c1_0.id,c1_0.date,c1_0.rate,c1_0.source_currency,c1_0.target_currency from currency_entity c1_0 where c1_0.source_currency like replace(?,'\\','\\\\')
Hibernate: select c1_0.id,c1_0.date,c1_0.rate,c1_0.source_currency,c1_0.target_currency from currency_entity c1_0 where c1_0.source_currency like replace(?,'\\','\\\\')
Hibernate: select c1_0.id,c1_0.date,c1_0.rate,c1_0.source_currency,c1_0.target_currency from currency_entity c1_0 where c1_0.source_currency like replace(?,'\\','\\\\')
Hibernate: select c1_0.id,c1_0.date,c1_0.rate,c1_0.source_currency,c1_0.target_currency from currency_entity c1_0 where c1_0.source_currency like replace(?,'\\','\\\\')
Hibernate: select c1_0.id,c1_0.date,c1_0.rate,c1_0.source_currency,c1_0.target_currency from currency_entity c1_0 where c1_0.source_currency like replace(?,'\\','\\\\')
Hibernate: select c1_0.id,c1_0.date,c1_0.rate,c1_0.source_currency,c1_0.target_currency from currency_entity c1_0 where c1_0.source_currency like replace(?,'\\','\\\\')
Hibernate: select c1_0.id,c1_0.date,c1_0.rate,c1_0.source_currency,c1_0.target_currency from currency_entity c1_0 where c1_0.source_currency like replace(?,'\\','\\\\')
Hibernate: select c1_0.id,c1_0.date,c1_0.rate,c1_0.source_currency,c1_0.target_currency from currency_entity c1_0 where c1_0.source_currency like replace(?,'\\','\\\\')
Hibernate: select c1_0.id,c1_0.date,c1_0.rate,c1_0.source_currency,c1_0.target_currency from currency_entity c1_0 where c1_0.source_currency like replace(?,'\\','\\\\')
Hibernate: select c1_0.id,c1_0.date,c1_0.rate,c1_0.source_currency,c1_0.target_currency from currency_entity c1_0 where c1_0.source_currency like replace(?,'\\','\\\\')
Hibernate: select c1_0.id,c1_0.date,c1_0.rate,c1_0.source_currency,c1_0.target_currency from currency_entity c1_0 where c1_0.id=?
Hibernate: insert into currency_entity (date,rate,source_currency,target_currency,id) values (?,?,?,?,?)
Hibernate: select c1_0.id,c1_0.date,c1_0.rate,c1_0.source_currency,c1_0.target_currency from currency_entity c1_0 where c1_0.source_currency like replace(?,'\\','\\\\')
Hibernate: select c1_0.id,c1_0.date,c1_0.rate,c1_0.source_currency,c1_0.target_currency from currency_entity c1_0 where c1_0.source_currency like replace(?,'\\','\\\\')
Hibernate: select c1_0.id,c1_0.date,c1_0.rate,c1_0.source_currency,c1_0.target_currency from currency_entity c1_0
Hibernate: select c1_0.id,c1_0.date,c1_0.rate,c1_0.source_currency,c1_0.target_currency from currency_entity c1_0 where c1_0.source_currency like replace(?,'\\','\\\\')
Hibernate: select c1_0.id,c1_0.date,c1_0.rate,c1_0.source_currency,c1_0.target_currency from currency_entity c1_0 where c1_0.source_currency like replace(?,'\\','\\\\')
Hibernate: select c1_0.id,c1_0.date,c1_0.rate,c1_0.source_currency,c1_0.target_currency from currency_entity c1_0 where c1_0.source_currency like replace(?,'\\','\\\\')
Hibernate: select c1_0.id,c1_0.date,c1_0.rate,c1_0.source_currency,c1_0.target_currency from currency_entity c1_0 where c1_0.id=?
Hibernate: select c1_0.id,c1_0.date,c1_0.rate,c1_0.source_currency,c1_0.target_currency from currency_entity c1_0 where c1_0.id=?
Hibernate: delete from currency_entity where id=?
Hibernate: select c1_0.id,c1_0.date,c1_0.rate,c1_0.source_currency,c1_0.target_currency from currency_entity c1_0 where c1_0.id=?
Hibernate: select c1_0.id,c1_0.date,c1_0.rate,c1_0.source_currency,c1_0.target_currency from currency_entity c1_0 where c1_0.source_currency like replace(?,'\\','\\\\')
]]></system-out>
  <system-err><![CDATA[]]></system-err>
</testsuite>
