<?xml version="1.0" encoding="UTF-8"?>
<testsuite name="QA.Project.ProjectTestingApplicationTests" tests="1" skipped="0" failures="0" errors="0" timestamp="2023-06-17T11:41:55" hostname="SALEM-MUFARREH" time="2.989">
  <properties/>
  <testcase name="contextLoads()" classname="QA.Project.ProjectTestingApplicationTests" time="2.989"/>
  <system-out><![CDATA[14:41:29.225 [Test worker] INFO org.springframework.test.context.support.AnnotationConfigContextLoaderUtils -- Could not detect default configuration classes for test class [QA.Project.ProjectTestingApplicationTests]: ProjectTestingApplicationTests does not declare any static, non-private, non-final, nested classes annotated with @Configuration.
14:41:29.491 [Test worker] INFO org.springframework.boot.test.context.SpringBootTestContextBootstrapper -- Found @SpringBootConfiguration QA.Project.ProjectTestingApplication for test class QA.Project.ProjectTestingApplicationTests

  .   ____          _            __ _ _
 /\\ / ___'_ __ _ _(_)_ __  __ _ \ \ \ \
( ( )\___ | '_ | '_| | '_ \/ _` | \ \ \ \
 \\/  ___)| |_)| | | | | || (_| |  ) ) ) )
  '  |____| .__|_| |_|_| |_\__, | / / / /
 =========|_|==============|___/=/_/_/_/
 :: Spring Boot ::                (v3.1.0)

2023-06-17T14:41:30.767+03:00  INFO 29268 --- [    Test worker] Q.P.ProjectTestingApplicationTests       : Starting ProjectTestingApplicationTests using Java 17.0.1 with PID 29268 (started by HP User in D:\Birzeit\QA\exchangeRateTesting2)
2023-06-17T14:41:30.772+03:00  INFO 29268 --- [    Test worker] Q.P.ProjectTestingApplicationTests       : No active profile set, falling back to 1 default profile: "default"
2023-06-17T14:41:33.618+03:00  INFO 29268 --- [    Test worker] .s.d.r.c.RepositoryConfigurationDelegate : Bootstrapping Spring Data JPA repositories in DEFAULT mode.
2023-06-17T14:41:33.949+03:00  INFO 29268 --- [    Test worker] .s.d.r.c.RepositoryConfigurationDelegate : Finished Spring Data repository scanning in 282 ms. Found 1 JPA repository interfaces.
2023-06-17T14:41:37.381+03:00  INFO 29268 --- [    Test worker] o.hibernate.jpa.internal.util.LogHelper  : HHH000204: Processing PersistenceUnitInfo [name: default]
2023-06-17T14:41:37.789+03:00  INFO 29268 --- [    Test worker] org.hibernate.Version                    : HHH000412: Hibernate ORM core version 6.2.2.Final
2023-06-17T14:41:37.803+03:00  INFO 29268 --- [    Test worker] org.hibernate.cfg.Environment            : HHH000406: Using bytecode reflection optimizer
2023-06-17T14:41:38.746+03:00  INFO 29268 --- [    Test worker] o.h.b.i.BytecodeProviderInitiator        : HHH000021: Bytecode provider name : bytebuddy
2023-06-17T14:41:39.682+03:00  INFO 29268 --- [    Test worker] o.s.o.j.p.SpringPersistenceUnitInfo      : No LoadTimeWeaver setup: ignoring JPA class transformer
2023-06-17T14:41:39.785+03:00  INFO 29268 --- [    Test worker] com.zaxxer.hikari.HikariDataSource       : HikariPool-1 - Starting...
2023-06-17T14:41:40.638+03:00  INFO 29268 --- [    Test worker] com.zaxxer.hikari.pool.HikariPool        : HikariPool-1 - Added connection com.mysql.cj.jdbc.ConnectionImpl@5889fc44
2023-06-17T14:41:40.650+03:00  INFO 29268 --- [    Test worker] com.zaxxer.hikari.HikariDataSource       : HikariPool-1 - Start completed.
2023-06-17T14:41:41.020+03:00  INFO 29268 --- [    Test worker] org.hibernate.orm.dialect                : HHH035001: Using dialect: org.hibernate.dialect.MySQL8Dialect, version: 8.0
2023-06-17T14:41:41.033+03:00  WARN 29268 --- [    Test worker] org.hibernate.orm.deprecation            : HHH90000026: MySQL8Dialect has been deprecated; use org.hibernate.dialect.MySQLDialect instead
2023-06-17T14:41:42.344+03:00  INFO 29268 --- [    Test worker] o.h.b.i.BytecodeProviderInitiator        : HHH000021: Bytecode provider name : bytebuddy
2023-06-17T14:41:46.277+03:00  INFO 29268 --- [    Test worker] o.h.e.t.j.p.i.JtaPlatformInitiator       : HHH000490: Using JtaPlatform implementation: [org.hibernate.engine.transaction.jta.platform.internal.NoJtaPlatform]
Hibernate: alter table currency_entity modify column date  datetime(6)
Hibernate: alter table currency_entity modify column rate  float(53)
2023-06-17T14:41:46.603+03:00  INFO 29268 --- [    Test worker] j.LocalContainerEntityManagerFactoryBean : Initialized JPA EntityManagerFactory for persistence unit 'default'
2023-06-17T14:41:48.215+03:00  INFO 29268 --- [    Test worker] o.s.d.j.r.query.QueryEnhancerFactory     : Hibernate is in classpath; If applicable, HQL parser will be used.
2023-06-17T14:41:51.352+03:00  WARN 29268 --- [    Test worker] JpaBaseConfiguration$JpaWebConfiguration : spring.jpa.open-in-view is enabled by default. Therefore, database queries may be performed during view rendering. Explicitly configure spring.jpa.open-in-view to disable this warning
2023-06-17T14:41:53.558+03:00  INFO 29268 --- [    Test worker] o.s.b.a.w.s.WelcomePageHandlerMapping    : Adding welcome page template: index
2023-06-17T14:41:55.207+03:00  INFO 29268 --- [    Test worker] Q.P.ProjectTestingApplicationTests       : Started ProjectTestingApplicationTests in 25.27 seconds (process running for 29.079)
]]></system-out>
  <system-err><![CDATA[]]></system-err>
</testsuite>
